# JRE version: OpenJDK Runtime Environment (8.0_202-b03) (build 1.8.0_202-release-1483-b03)
# Java VM: OpenJDK 64-Bit Server VM (25.202-b03 mixed mode windows-amd64 compressed oops)
Heap:
 PSYoungGen      total 161792K, used 23084K [0x00000000e0000000, 0x00000000eaf00000, 0x0000000100000000)
  eden space 146944K, 5% used [0x00000000e0000000,0x00000000e0811a60,0x00000000e8f80000)
  from space 14848K, 99% used [0x00000000e8f80000,0x00000000e9df9760,0x00000000e9e00000)
  to   space 13312K, 0% used [0x00000000e9e00000,0x00000000e9e00000,0x00000000eab00000)
 ParOldGen       total 142848K, used 24341K [0x00000000a0000000, 0x00000000a8b80000, 0x00000000e0000000)
  object space 142848K, 17% used [0x00000000a0000000,0x00000000a17c5530,0x00000000a8b80000)
 Metaspace       used 46995K, capacity 48288K, committed 48424K, reserved 1091584K
  class space    used 6330K, capacity 6647K, committed 6704K, reserved 1048576K
GC Heap History (10 events):
Event: 18.432 GC heap before
{Heap before GC invocations=5 (full 1):
 PSYoungGen      total 98816K, used 992K [0x00000000e0000000, 0x00000000e7000000, 0x0000000100000000)
  eden space 97792K, 0% used [0x00000000e0000000,0x00000000e0000000,0x00000000e5f80000)
  from space 1024K, 96% used [0x00000000e6780000,0x00000000e6878010,0x00000000e6880000)
  to   space 8192K, 0% used [0x00000000e5f80000,0x00000000e5f80000,0x00000000e6780000)
 ParOldGen       total 131072K, used 11579K [0x00000000a0000000, 0x00000000a8000000, 0x00000000e0000000)
  object space 131072K, 8% used [0x00000000a0000000,0x00000000a0b4ef50,0x00000000a8000000)
 Metaspace       used 20676K, capacity 21200K, committed 21296K, reserved 1067008K
  class space    used 2917K, capacity 3095K, committed 3120K, reserved 1048576K
Event: 18.585 GC heap after
Heap after GC invocations=5 (full 1):
 PSYoungGen      total 98816K, used 0K [0x00000000e0000000, 0x00000000e7000000, 0x0000000100000000)
  eden space 97792K, 0% used [0x00000000e0000000,0x00000000e0000000,0x00000000e5f80000)
  from space 1024K, 0% used [0x00000000e6780000,0x00000000e6780000,0x00000000e6880000)
  to   space 8192K, 0% used [0x00000000e5f80000,0x00000000e5f80000,0x00000000e6780000)
 ParOldGen       total 91136K, used 10397K [0x00000000a0000000, 0x00000000a5900000, 0x00000000e0000000)
  object space 91136K, 11% used [0x00000000a0000000,0x00000000a0a274d0,0x00000000a5900000)
 Metaspace       used 20676K, capacity 21200K, committed 21296K, reserved 1067008K
  class space    used 2917K, capacity 3095K, committed 3120K, reserved 1048576K
}
Event: 21.922 GC heap before
{Heap before GC invocations=6 (full 1):
 PSYoungGen      total 98816K, used 97792K [0x00000000e0000000, 0x00000000e7000000, 0x0000000100000000)
  eden space 97792K, 100% used [0x00000000e0000000,0x00000000e5f80000,0x00000000e5f80000)
  from space 1024K, 0% used [0x00000000e6780000,0x00000000e6780000,0x00000000e6880000)
  to   space 8192K, 0% used [0x00000000e5f80000,0x00000000e5f80000,0x00000000e6780000)
 ParOldGen       total 91136K, used 10397K [0x00000000a0000000, 0x00000000a5900000, 0x00000000e0000000)
  object space 91136K, 11% used [0x00000000a0000000,0x00000000a0a274d0,0x00000000a5900000)
 Metaspace       used 29749K, capacity 30376K, committed 30512K, reserved 1075200K
  class space    used 4129K, capacity 4352K, committed 4400K, reserved 1048576K
Event: 21.942 GC heap after
Heap after GC invocations=6 (full 1):
 PSYoungGen      total 105984K, used 8190K [0x00000000e0000000, 0x00000000eab00000, 0x0000000100000000)
  eden space 97792K, 0% used [0x00000000e0000000,0x00000000e0000000,0x00000000e5f80000)
  from space 8192K, 99% used [0x00000000e5f80000,0x00000000e677f8c8,0x00000000e6780000)
  to   space 13312K, 0% used [0x00000000e9e00000,0x00000000e9e00000,0x00000000eab00000)
 ParOldGen       total 91136K, used 12285K [0x00000000a0000000, 0x00000000a5900000, 0x00000000e0000000)
  object space 91136K, 13% used [0x00000000a0000000,0x00000000a0bff6f0,0x00000000a5900000)
 Metaspace       used 29749K, capacity 30376K, committed 30512K, reserved 1075200K
  class space    used 4129K, capacity 4352K, committed 4400K, reserved 1048576K
}
Event: 25.636 GC heap before
{Heap before GC invocations=7 (full 1):
 PSYoungGen      total 105984K, used 94782K [0x00000000e0000000, 0x00000000eab00000, 0x0000000100000000)
  eden space 97792K, 88% used [0x00000000e0000000,0x00000000e5490170,0x00000000e5f80000)
  from space 8192K, 99% used [0x00000000e5f80000,0x00000000e677f8c8,0x00000000e6780000)
  to   space 13312K, 0% used [0x00000000e9e00000,0x00000000e9e00000,0x00000000eab00000)
 ParOldGen       total 91136K, used 12285K [0x00000000a0000000, 0x00000000a5900000, 0x00000000e0000000)
  object space 91136K, 13% used [0x00000000a0000000,0x00000000a0bff6f0,0x00000000a5900000)
 Metaspace       used 34603K, capacity 35384K, committed 35496K, reserved 1079296K
  class space    used 4767K, capacity 4966K, committed 5040K, reserved 1048576K
Event: 25.676 GC heap after
Heap after GC invocations=7 (full 1):
 PSYoungGen      total 160256K, used 12846K [0x00000000e0000000, 0x00000000eaf00000, 0x0000000100000000)
  eden space 146944K, 0% used [0x00000000e0000000,0x00000000e0000000,0x00000000e8f80000)
  from space 13312K, 96% used [0x00000000e9e00000,0x00000000eaa8b820,0x00000000eab00000)
  to   space 14848K, 0% used [0x00000000e8f80000,0x00000000e8f80000,0x00000000e9e00000)
 ParOldGen       total 91136K, used 12293K [0x00000000a0000000, 0x00000000a5900000, 0x00000000e0000000)
  object space 91136K, 13% used [0x00000000a0000000,0x00000000a0c016f0,0x00000000a5900000)
 Metaspace       used 34603K, capacity 35384K, committed 35496K, reserved 1079296K
  class space    used 4767K, capacity 4966K, committed 5040K, reserved 1048576K
}
Event: 25.676 GC heap before
{Heap before GC invocations=8 (full 2):
 PSYoungGen      total 160256K, used 12846K [0x00000000e0000000, 0x00000000eaf00000, 0x0000000100000000)
  eden space 146944K, 0% used [0x00000000e0000000,0x00000000e0000000,0x00000000e8f80000)
  from space 13312K, 96% used [0x00000000e9e00000,0x00000000eaa8b820,0x00000000eab00000)
  to   space 14848K, 0% used [0x00000000e8f80000,0x00000000e8f80000,0x00000000e9e00000)
 ParOldGen       total 91136K, used 12293K [0x00000000a0000000, 0x00000000a5900000, 0x00000000e0000000)
  object space 91136K, 13% used [0x00000000a0000000,0x00000000a0c016f0,0x00000000a5900000)
 Metaspace       used 34603K, capacity 35384K, committed 35496K, reserved 1079296K
  class space    used 4767K, capacity 4966K, committed 5040K, reserved 1048576K
Event: 25.817 GC heap after
Heap after GC invocations=8 (full 2):
 PSYoungGen      total 160256K, used 0K [0x00000000e0000000, 0x00000000eaf00000, 0x0000000100000000)
  eden space 146944K, 0% used [0x00000000e0000000,0x00000000e0000000,0x00000000e8f80000)
  from space 13312K, 0% used [0x00000000e9e00000,0x00000000e9e00000,0x00000000eab00000)
  to   space 14848K, 0% used [0x00000000e8f80000,0x00000000e8f80000,0x00000000e9e00000)
 ParOldGen       total 142848K, used 20320K [0x00000000a0000000, 0x00000000a8b80000, 0x00000000e0000000)
  object space 142848K, 14% used [0x00000000a0000000,0x00000000a13d8160,0x00000000a8b80000)
 Metaspace       used 34603K, capacity 35384K, committed 35496K, reserved 1079296K
  class space    used 4767K, capacity 4966K, committed 5040K, reserved 1048576K
}
Event: 32.824 GC heap before
{Heap before GC invocations=9 (full 2):
 PSYoungGen      total 160256K, used 146944K [0x00000000e0000000, 0x00000000eaf00000, 0x0000000100000000)
  eden space 146944K, 100% used [0x00000000e0000000,0x00000000e8f80000,0x00000000e8f80000)
  from space 13312K, 0% used [0x00000000e9e00000,0x00000000e9e00000,0x00000000eab00000)
  to   space 14848K, 0% used [0x00000000e8f80000,0x00000000e8f80000,0x00000000e9e00000)
 ParOldGen       total 142848K, used 20320K [0x00000000a0000000, 0x00000000a8b80000, 0x00000000e0000000)
  object space 142848K, 14% used [0x00000000a0000000,0x00000000a13d8160,0x00000000a8b80000)
 Metaspace       used 46556K, capacity 47834K, committed 48168K, reserved 1091584K
  class space    used 6264K, capacity 6582K, committed 6704K, reserved 1048576K
Event: 32.859 GC heap after
Heap after GC invocations=9 (full 2):
 PSYoungGen      total 161792K, used 14821K [0x00000000e0000000, 0x00000000eaf00000, 0x0000000100000000)
  eden space 146944K, 0% used [0x00000000e0000000,0x00000000e0000000,0x00000000e8f80000)
  from space 14848K, 99% used [0x00000000e8f80000,0x00000000e9df9760,0x00000000e9e00000)
  to   space 13312K, 0% used [0x00000000e9e00000,0x00000000e9e00000,0x00000000eab00000)
 ParOldGen       total 142848K, used 24341K [0x00000000a0000000, 0x00000000a8b80000, 0x00000000e0000000)
  object space 142848K, 17% used [0x00000000a0000000,0x00000000a17c5530,0x00000000a8b80000)
 Metaspace       used 46556K, capacity 47834K, committed 48168K, reserved 1091584K
  class space    used 6264K, capacity 6582K, committed 6704K, reserved 1048576K
}

